Performing C SOURCE FILE Test CMAKE_HAVE_LIBC_PTHREAD failed with the following output:
Change Dir: /home/jaren/development/school/cpp/arrayPerformance/build/CMakeFiles/CMakeTmp

Run Build Command(s):/usr/bin/ninja cmTC_37030 && [1/2] Building C object CMakeFiles/cmTC_37030.dir/src.c.o
[2/2] Linking C executable cmTC_37030
FAILED: cmTC_37030 
: && /bin/x86_64-pc-linux-gnu-gcc-11.1.0   CMakeFiles/cmTC_37030.dir/src.c.o -o cmTC_37030   && :
/usr/bin/ld: CMakeFiles/cmTC_37030.dir/src.c.o: in function `main':
src.c:(.text+0x3e): undefined reference to `pthread_create'
/usr/bin/ld: src.c:(.text+0x4a): undefined reference to `pthread_detach'
/usr/bin/ld: src.c:(.text+0x56): undefined reference to `pthread_cancel'
/usr/bin/ld: src.c:(.text+0x67): undefined reference to `pthread_join'
collect2: error: ld returned 1 exit status
ninja: build stopped: subcommand failed.


Source file was:
#include <pthread.h>

static void* test_func(void* data)
{
  return data;
}

int main(void)
{
  pthread_t thread;
  pthread_create(&thread, NULL, test_func, NULL);
  pthread_detach(thread);
  pthread_cancel(thread);
  pthread_join(thread, NULL);
  pthread_atfork(NULL, NULL, NULL);
  pthread_exit(NULL);

  return 0;
}

Determining if the function pthread_create exists in the pthreads failed with the following output:
Change Dir: /home/jaren/development/school/cpp/arrayPerformance/build/CMakeFiles/CMakeTmp

Run Build Command(s):/usr/bin/ninja cmTC_322ab && [1/2] Building C object CMakeFiles/cmTC_322ab.dir/CheckFunctionExists.c.o
[2/2] Linking C executable cmTC_322ab
FAILED: cmTC_322ab 
: && /bin/x86_64-pc-linux-gnu-gcc-11.1.0 -DCHECK_FUNCTION_EXISTS=pthread_create  CMakeFiles/cmTC_322ab.dir/CheckFunctionExists.c.o -o cmTC_322ab  -lpthreads && :
/usr/bin/ld: cannot find -lpthreads
collect2: error: ld returned 1 exit status
ninja: build stopped: subcommand failed.



Determining if the strtod_l exist failed with the following output:
Change Dir: /home/jaren/development/school/cpp/arrayPerformance/build/CMakeFiles/CMakeTmp

Run Build Command(s):/usr/bin/ninja cmTC_cd1cb && [1/2] Building C object CMakeFiles/cmTC_cd1cb.dir/CheckSymbolExists.c.o
FAILED: CMakeFiles/cmTC_cd1cb.dir/CheckSymbolExists.c.o 
/bin/x86_64-pc-linux-gnu-gcc-11.1.0    -o CMakeFiles/cmTC_cd1cb.dir/CheckSymbolExists.c.o -c /home/jaren/development/school/cpp/arrayPerformance/build/CMakeFiles/CMakeTmp/CheckSymbolExists.c
/home/jaren/development/school/cpp/arrayPerformance/build/CMakeFiles/CMakeTmp/CheckSymbolExists.c: In function ‘main’:
/home/jaren/development/school/cpp/arrayPerformance/build/CMakeFiles/CMakeTmp/CheckSymbolExists.c:8:19: error: ‘strtod_l’ undeclared (first use in this function); did you mean ‘strtoull’?
    8 |   return ((int*)(&strtod_l))[argc];
      |                   ^~~~~~~~
      |                   strtoull
/home/jaren/development/school/cpp/arrayPerformance/build/CMakeFiles/CMakeTmp/CheckSymbolExists.c:8:19: note: each undeclared identifier is reported only once for each function it appears in
ninja: build stopped: subcommand failed.


File /home/jaren/development/school/cpp/arrayPerformance/build/CMakeFiles/CMakeTmp/CheckSymbolExists.c:
/* */
#include <stdlib.h>

int main(int argc, char** argv)
{
  (void)argv;
#ifndef strtod_l
  return ((int*)(&strtod_l))[argc];
#else
  (void)argc;
  return 0;
#endif
}
